Arguments: 
  /usr/bin/node /usr/local/bin/yarn workspace server start

PATH: 
  /tmp/yarn--1557432658569-0.8765156940461529:/home/cesmunoz/code/repos/fwi-code-challenge/node_modules/.bin:/home/cesmunoz/.config/yarn/link/node_modules/.bin:/home/cesmunoz/code/repos/fwi-code-challenge/node_modules/.bin:/home/cesmunoz/.yarn/bin:/usr/libexec/lib/node_modules/npm/bin/node-gyp-bin:/usr/lib/node_modules/npm/bin/node-gyp-bin:/usr/bin/node_modules/npm/bin/node-gyp-bin:/usr/local/sbin:/usr/local/bin:/usr/sbin:/usr/bin:/sbin:/bin:/usr/games:/usr/local/games:/snap/bin:/usr/lib/jvm/java-8-oracle/bin:/usr/lib/jvm/java-8-oracle/db/bin:/usr/lib/jvm/java-8-oracle/jre/bin:/home/cesmunoz/opt/gradle/bin

Yarn version: 
  1.15.2

Node version: 
  10.15.3

Platform: 
  linux x64

Trace: 
  SyntaxError: /home/cesmunoz/code/repos/fwi-code-challenge/server/package.json: Unexpected string in JSON at position 198
      at JSON.parse (<anonymous>)
      at /usr/local/lib/node_modules/yarn/lib/cli.js:1625:59
      at Generator.next (<anonymous>)
      at step (/usr/local/lib/node_modules/yarn/lib/cli.js:304:30)
      at /usr/local/lib/node_modules/yarn/lib/cli.js:315:13

npm manifest: 
  {
    "name": "fwi-code-challenge",
    "private": true,
    "version": "1.0.0",
    "description": "Four winds interactive code challenge",
    "main": "index.js",
    "scripts": {
      "start:server": "yarn workspace server start",
      "start:client": "yarn workspace client start",
      "start": "npm-run-all -p start:server start:client",
      "test": "echo \"Error: no test specified\" && exit 1"
    },
    "workspaces": [
      "client/",
      "server/"
    ],
    "repository": {
      "type": "git",
      "url": "git+https://github.com/cesmunoz/fwi-code-challenge.git"
    },
    "author": "Cesar Muñoz",
    "license": "ISC",
    "bugs": {
      "url": "https://github.com/cesmunoz/fwi-code-challenge/issues"
    },
    "homepage": "https://github.com/cesmunoz/fwi-code-challenge#readme",
    "devDependencies": {
      "npm-run-all": "^4.1.5"
    }
  }

yarn manifest: 
  No manifest

Lockfile: 
  No lockfile
